=====
Level: warning
Message: Product not found
Context: 

2021-02-10 08:42:38
=====

=====
Level: warning
Message: Layout not found
Context: 

2021-02-10 08:42:42
=====

=====
Level: warning
Message: Layout not found
Context: 

2021-02-10 08:42:42
=====

=====
Level: warning
Message: Content not found
Context: 

2021-02-10 08:45:42
=====

=====
Level: warning
Message: Layout not found
Context: 

2021-02-10 08:46:12
=====

=====
Level: warning
Message: Layout not found
Context: 

2021-02-10 08:46:12
=====

=====
Level: warning
Message: Product not found
Context: 

2021-02-10 08:46:16
=====

=====
Level: warning
Message: Product not found
Context: 

2021-02-10 08:46:16
=====

=====
Level: warning
Message: Layout not found
Context: 

2021-02-10 08:46:18
=====

=====
Level: warning
Message: Layout not found
Context: 

2021-02-10 08:46:18
=====

=====
Level: warning
Message: Layout not found
Context: 

2021-02-10 08:46:21
=====

=====
Level: warning
Message: Layout not found
Context: 

2021-02-10 08:46:21
=====

=====
Level: warning
Message: Layout not found
Context: 

2021-02-10 08:46:21
=====

=====
Level: warning
Message: Layout not found
Context: 

2021-02-10 08:46:43
=====

=====
Level: warning
Message: Layout not found
Context: 

2021-02-10 08:46:43
=====

=====
Level: warning
Message: Layout not found
Context: 

2021-02-10 08:46:47
=====

=====
Level: warning
Message: Layout not found
Context: 

2021-02-10 08:46:50
=====

=====
Level: warning
Message: Layout not found
Context: 

2021-02-10 08:48:38
=====

=====
Level: warning
Message: Layout not found
Context: 

2021-02-10 08:49:02
=====

=====
Level: warning
Message: Layout not found
Context: 

2021-02-10 08:49:02
=====

=====
Level: warning
Message: Layout not found
Context: 

2021-02-10 08:49:07
=====

=====
Level: warning
Message: Layout not found
Context: 

2021-02-10 08:49:21
=====

=====
Level: warning
Message: Layout not found
Context: 

2021-02-10 08:49:21
=====

=====
Level: warning
Message: Layout not found
Context: 

2021-02-10 08:49:23
=====

=====
Level: warning
Message: Layout not found
Context: 

2021-02-10 08:49:27
=====

=====
Level: warning
Message: Layout not found
Context: 

2021-02-10 08:49:31
=====

=====
Level: warning
Message: Layout not found
Context: 

2021-02-10 08:49:31
=====

=====
Level: warning
Message: Layout not found
Context: 

2021-02-10 08:49:33
=====

=====
Level: warning
Message: Layout not found
Context: 

2021-02-10 08:49:33
=====

=====
Level: warning
Message: Layout not found
Context: 

2021-02-10 08:49:34
=====

=====
Level: warning
Message: Layout not found
Context: 

2021-02-10 08:49:34
=====

=====
Level: warning
Message: Layout not found
Context: 

2021-02-10 08:49:42
=====

=====
Level: warning
Message: Layout not found
Context: 

2021-02-10 08:49:43
=====

=====
Level: warning
Message: Layout not found
Context: 

2021-02-10 08:49:53
=====

=====
Level: warning
Message: Layout not found
Context: 

2021-02-10 08:49:53
=====

=====
Level: warning
Message: Layout not found
Context: 

2021-02-10 08:49:54
=====

=====
Level: warning
Message: Layout not found
Context: 

2021-02-10 08:49:54
=====

=====
Level: warning
Message: Layout not found
Context: 

2021-02-10 08:50:17
=====

=====
Level: warning
Message: Layout not found
Context: 

2021-02-10 08:50:17
=====

=====
Level: warning
Message: Layout not found
Context: 

2021-02-10 08:51:45
=====

=====
Level: warning
Message: Layout not found
Context: 

2021-02-10 08:51:45
=====

=====
Level: warning
Message: Layout not found
Context: 

2021-02-10 08:51:59
=====

=====
Level: warning
Message: Layout not found
Context: 

2021-02-10 08:51:59
=====

=====
Level: warning
Message: Product not found
Context: 

2021-02-10 08:52:23
=====

=====
Level: warning
Message: Layout not found
Context: 

2021-02-10 08:52:24
=====

=====
Level: warning
Message: Layout not found
Context: 

2021-02-10 08:52:37
=====

=====
Level: warning
Message: Layout not found
Context: 

2021-02-10 08:52:37
=====

=====
Level: warning
Message: Layout not found
Context: 

2021-02-10 08:53:07
=====

=====
Level: warning
Message: Layout not found
Context: 

2021-02-10 08:53:08
=====

=====
Level: warning
Message: Layout not found
Context: 

2021-02-10 08:53:12
=====

=====
Level: warning
Message: Layout not found
Context: 

2021-02-10 08:53:12
=====

=====
Level: warning
Message: Layout not found
Context: 

2021-02-10 08:53:14
=====

=====
Level: warning
Message: Layout not found
Context: 

2021-02-10 08:53:14
=====

=====
Level: warning
Message: Layout not found
Context: 

2021-02-10 08:53:40
=====

=====
Level: warning
Message: Layout not found
Context: 

2021-02-10 08:53:40
=====

=====
Level: warning
Message: Layout not found
Context: 

2021-02-10 08:53:46
=====

=====
Level: warning
Message: Layout not found
Context: 

2021-02-10 08:53:46
=====

=====
Level: warning
Message: Layout not found
Context: 

2021-02-10 08:53:54
=====

=====
Level: warning
Message: Layout not found
Context: 

2021-02-10 08:53:54
=====

=====
Level: warning
Message: Layout not found
Context: 

2021-02-10 08:54:11
=====

=====
Level: warning
Message: Layout not found
Context: 

2021-02-10 08:54:12
=====

=====
Level: warning
Message: Layout not found
Context: 

2021-02-10 08:55:43
=====

=====
Level: warning
Message: Layout not found
Context: 

2021-02-10 08:55:43
=====

=====
Level: warning
Message: Layout not found
Context: 

2021-02-10 08:55:46
=====

=====
Level: warning
Message: Layout not found
Context: 

2021-02-10 08:55:46
=====

=====
Level: warning
Message: Layout not found
Context: 

2021-02-10 08:56:27
=====

=====
Level: warning
Message: Layout not found
Context: 

2021-02-10 08:56:27
=====

=====
Level: warning
Message: Layout not found
Context: 

2021-02-10 08:56:30
=====

=====
Level: warning
Message: Layout not found
Context: 

2021-02-10 08:56:30
=====

=====
Level: warning
Message: Layout not found
Context: 

2021-02-10 08:56:32
=====

=====
Level: warning
Message: Layout not found
Context: 

2021-02-10 08:56:32
=====

=====
Level: warning
Message: Layout not found
Context: 

2021-02-10 08:56:34
=====

=====
Level: warning
Message: Layout not found
Context: 

2021-02-10 08:56:34
=====

=====
Level: warning
Message: Layout not found
Context: 

2021-02-10 08:56:53
=====

=====
Level: warning
Message: Layout not found
Context: 

2021-02-10 08:56:53
=====

=====
Level: warning
Message: Layout not found
Context: 

2021-02-10 08:57:34
=====

=====
Level: warning
Message: Layout not found
Context: 

2021-02-10 08:57:34
=====

=====
Level: warning
Message: Layout not found
Context: 

2021-02-10 08:57:50
=====

=====
Level: warning
Message: Layout not found
Context: 

2021-02-10 08:57:50
=====

=====
Level: warning
Message: Layout not found
Context: 

2021-02-10 08:58:22
=====

=====
Level: warning
Message: Layout not found
Context: 

2021-02-10 08:58:22
=====

=====
Level: warning
Message: Layout not found
Context: 

2021-02-10 08:58:57
=====

=====
Level: warning
Message: Layout not found
Context: 

2021-02-10 08:58:57
=====

=====
Level: warning
Message: Layout not found
Context: 

2021-02-10 08:59:01
=====

=====
Level: warning
Message: Layout not found
Context: 

2021-02-10 08:59:01
=====

=====
Level: warning
Message: Layout not found
Context: 

2021-02-10 08:59:27
=====

=====
Level: warning
Message: Layout not found
Context: 

2021-02-10 08:59:27
=====

=====
Level: warning
Message: Layout not found
Context: 

2021-02-10 08:59:31
=====

=====
Level: warning
Message: Layout not found
Context: 

2021-02-10 08:59:31
=====

=====
Level: warning
Message: Layout not found
Context: 

2021-02-10 08:59:35
=====

=====
Level: warning
Message: Layout not found
Context: 

2021-02-10 08:59:35
=====

=====
Level: warning
Message: Layout not found
Context: 

2021-02-10 08:59:38
=====

=====
Level: warning
Message: Layout not found
Context: 

2021-02-10 08:59:38
=====

=====
Level: warning
Message: Layout not found
Context: 

2021-02-10 08:59:51
=====

=====
Level: warning
Message: Layout not found
Context: 

2021-02-10 08:59:51
=====

=====
Level: warning
Message: Layout not found
Context: 

2021-02-10 09:00:26
=====

=====
Level: warning
Message: Layout not found
Context: 

2021-02-10 09:00:26
=====

=====
Level: warning
Message: Layout not found
Context: 

2021-02-10 09:00:33
=====

=====
Level: warning
Message: Layout not found
Context: 

2021-02-10 09:00:33
=====

=====
Level: warning
Message: Layout not found
Context: 

2021-02-10 09:00:36
=====

=====
Level: warning
Message: Layout not found
Context: 

2021-02-10 09:00:36
=====

=====
Level: warning
Message: Layout not found
Context: 

2021-02-10 09:00:38
=====

=====
Level: warning
Message: Layout not found
Context: 

2021-02-10 09:00:38
=====

=====
Level: warning
Message: Layout not found
Context: 

2021-02-10 09:00:40
=====

=====
Level: warning
Message: Layout not found
Context: 

2021-02-10 09:00:40
=====

=====
Level: warning
Message: Layout not found
Context: 

2021-02-10 09:01:26
=====

=====
Level: warning
Message: Layout not found
Context: 

2021-02-10 09:01:26
=====

=====
Level: warning
Message: Layout not found
Context: 

2021-02-10 09:02:11
=====

=====
Level: warning
Message: Layout not found
Context: 

2021-02-10 09:02:11
=====

=====
Level: warning
Message: Layout not found
Context: 

2021-02-10 09:02:18
=====

=====
Level: warning
Message: Layout not found
Context: 

2021-02-10 09:02:18
=====

=====
Level: warning
Message: Layout not found
Context: 

2021-02-10 09:03:33
=====

=====
Level: warning
Message: Layout not found
Context: 

2021-02-10 09:03:33
=====

=====
Level: warning
Message: Layout not found
Context: 

2021-02-10 09:04:55
=====

=====
Level: warning
Message: Layout not found
Context: 

2021-02-10 09:04:55
=====

=====
Level: warning
Message: Layout not found
Context: 

2021-02-10 09:05:14
=====

=====
Level: warning
Message: Layout not found
Context: 

2021-02-10 09:05:14
=====

=====
Level: warning
Message: Layout not found
Context: 

2021-02-10 09:06:34
=====

=====
Level: warning
Message: Layout not found
Context: 

2021-02-11 07:42:32
=====

=====
Level: warning
Message: Layout not found
Context: 

2021-02-11 07:56:57
=====

=====
Level: warning
Message: Layout not found
Context: 

2021-02-11 07:57:12
=====

=====
Level: warning
Message: Content not found
Context: 

2021-02-11 10:53:00
=====

=====
Level: warning
Message: Layout not found
Context: 

2021-02-11 02:30:10
=====

=====
Level: warning
Message: Layout not found
Context: 

2021-02-11 02:30:10
=====

