=====
Level: warning
Message: Product not found
Context: 

2021-02-10 08:42:38
=====

=====
Level: warning
Message: Layout not found
Context: 

2021-02-10 08:42:42
=====

=====
Level: warning
Message: Layout not found
Context: 

2021-02-10 08:42:42
=====

=====
Level: warning
Message: Content not found
Context: 

2021-02-10 08:45:42
=====

=====
Level: warning
Message: Layout not found
Context: 

2021-02-10 08:46:12
=====

=====
Level: warning
Message: Layout not found
Context: 

2021-02-10 08:46:12
=====

=====
Level: warning
Message: Product not found
Context: 

2021-02-10 08:46:16
=====

=====
Level: warning
Message: Product not found
Context: 

2021-02-10 08:46:16
=====

=====
Level: warning
Message: Layout not found
Context: 

2021-02-10 08:46:18
=====

=====
Level: warning
Message: Layout not found
Context: 

2021-02-10 08:46:18
=====

=====
Level: warning
Message: Layout not found
Context: 

2021-02-10 08:46:21
=====

=====
Level: warning
Message: Layout not found
Context: 

2021-02-10 08:46:21
=====

=====
Level: warning
Message: Layout not found
Context: 

2021-02-10 08:46:21
=====

=====
Level: warning
Message: Layout not found
Context: 

2021-02-10 08:46:43
=====

=====
Level: warning
Message: Layout not found
Context: 

2021-02-10 08:46:43
=====

=====
Level: warning
Message: Layout not found
Context: 

2021-02-10 08:46:47
=====

=====
Level: warning
Message: Layout not found
Context: 

2021-02-10 08:46:50
=====

=====
Level: warning
Message: Layout not found
Context: 

2021-02-10 08:48:38
=====

=====
Level: warning
Message: Layout not found
Context: 

2021-02-10 08:49:02
=====

=====
Level: warning
Message: Layout not found
Context: 

2021-02-10 08:49:02
=====

=====
Level: warning
Message: Layout not found
Context: 

2021-02-10 08:49:07
=====

=====
Level: warning
Message: Layout not found
Context: 

2021-02-10 08:49:21
=====

=====
Level: warning
Message: Layout not found
Context: 

2021-02-10 08:49:21
=====

=====
Level: warning
Message: Layout not found
Context: 

2021-02-10 08:49:23
=====

=====
Level: warning
Message: Layout not found
Context: 

2021-02-10 08:49:27
=====

=====
Level: warning
Message: Layout not found
Context: 

2021-02-10 08:49:31
=====

=====
Level: warning
Message: Layout not found
Context: 

2021-02-10 08:49:31
=====

=====
Level: warning
Message: Layout not found
Context: 

2021-02-10 08:49:33
=====

=====
Level: warning
Message: Layout not found
Context: 

2021-02-10 08:49:33
=====

=====
Level: warning
Message: Layout not found
Context: 

2021-02-10 08:49:34
=====

=====
Level: warning
Message: Layout not found
Context: 

2021-02-10 08:49:34
=====

=====
Level: warning
Message: Layout not found
Context: 

2021-02-10 08:49:42
=====

=====
Level: warning
Message: Layout not found
Context: 

2021-02-10 08:49:43
=====

=====
Level: warning
Message: Layout not found
Context: 

2021-02-10 08:49:53
=====

=====
Level: warning
Message: Layout not found
Context: 

2021-02-10 08:49:53
=====

=====
Level: warning
Message: Layout not found
Context: 

2021-02-10 08:49:54
=====

=====
Level: warning
Message: Layout not found
Context: 

2021-02-10 08:49:54
=====

=====
Level: warning
Message: Layout not found
Context: 

2021-02-10 08:50:17
=====

=====
Level: warning
Message: Layout not found
Context: 

2021-02-10 08:50:17
=====

=====
Level: warning
Message: Layout not found
Context: 

2021-02-10 08:51:45
=====

=====
Level: warning
Message: Layout not found
Context: 

2021-02-10 08:51:45
=====

=====
Level: warning
Message: Layout not found
Context: 

2021-02-10 08:51:59
=====

=====
Level: warning
Message: Layout not found
Context: 

2021-02-10 08:51:59
=====

=====
Level: warning
Message: Product not found
Context: 

2021-02-10 08:52:23
=====

=====
Level: warning
Message: Layout not found
Context: 

2021-02-10 08:52:24
=====

=====
Level: warning
Message: Layout not found
Context: 

2021-02-10 08:52:37
=====

=====
Level: warning
Message: Layout not found
Context: 

2021-02-10 08:52:37
=====

=====
Level: warning
Message: Layout not found
Context: 

2021-02-10 08:53:07
=====

=====
Level: warning
Message: Layout not found
Context: 

2021-02-10 08:53:08
=====

=====
Level: warning
Message: Layout not found
Context: 

2021-02-10 08:53:12
=====

=====
Level: warning
Message: Layout not found
Context: 

2021-02-10 08:53:12
=====

=====
Level: warning
Message: Layout not found
Context: 

2021-02-10 08:53:14
=====

=====
Level: warning
Message: Layout not found
Context: 

2021-02-10 08:53:14
=====

=====
Level: warning
Message: Layout not found
Context: 

2021-02-10 08:53:40
=====

=====
Level: warning
Message: Layout not found
Context: 

2021-02-10 08:53:40
=====

=====
Level: warning
Message: Layout not found
Context: 

2021-02-10 08:53:46
=====

=====
Level: warning
Message: Layout not found
Context: 

2021-02-10 08:53:46
=====

=====
Level: warning
Message: Layout not found
Context: 

2021-02-10 08:53:54
=====

=====
Level: warning
Message: Layout not found
Context: 

2021-02-10 08:53:54
=====

=====
Level: warning
Message: Layout not found
Context: 

2021-02-10 08:54:11
=====

=====
Level: warning
Message: Layout not found
Context: 

2021-02-10 08:54:12
=====

=====
Level: warning
Message: Layout not found
Context: 

2021-02-10 08:55:43
=====

=====
Level: warning
Message: Layout not found
Context: 

2021-02-10 08:55:43
=====

=====
Level: warning
Message: Layout not found
Context: 

2021-02-10 08:55:46
=====

=====
Level: warning
Message: Layout not found
Context: 

2021-02-10 08:55:46
=====

=====
Level: warning
Message: Layout not found
Context: 

2021-02-10 08:56:27
=====

=====
Level: warning
Message: Layout not found
Context: 

2021-02-10 08:56:27
=====

=====
Level: warning
Message: Layout not found
Context: 

2021-02-10 08:56:30
=====

=====
Level: warning
Message: Layout not found
Context: 

2021-02-10 08:56:30
=====

=====
Level: warning
Message: Layout not found
Context: 

2021-02-10 08:56:32
=====

=====
Level: warning
Message: Layout not found
Context: 

2021-02-10 08:56:32
=====

=====
Level: warning
Message: Layout not found
Context: 

2021-02-10 08:56:34
=====

=====
Level: warning
Message: Layout not found
Context: 

2021-02-10 08:56:34
=====

=====
Level: warning
Message: Layout not found
Context: 

2021-02-10 08:56:53
=====

=====
Level: warning
Message: Layout not found
Context: 

2021-02-10 08:56:53
=====

=====
Level: warning
Message: Layout not found
Context: 

2021-02-10 08:57:34
=====

=====
Level: warning
Message: Layout not found
Context: 

2021-02-10 08:57:34
=====

=====
Level: warning
Message: Layout not found
Context: 

2021-02-10 08:57:50
=====

=====
Level: warning
Message: Layout not found
Context: 

2021-02-10 08:57:50
=====

=====
Level: warning
Message: Layout not found
Context: 

2021-02-10 08:58:22
=====

=====
Level: warning
Message: Layout not found
Context: 

2021-02-10 08:58:22
=====

=====
Level: warning
Message: Layout not found
Context: 

2021-02-10 08:58:57
=====

=====
Level: warning
Message: Layout not found
Context: 

2021-02-10 08:58:57
=====

=====
Level: warning
Message: Layout not found
Context: 

2021-02-10 08:59:01
=====

=====
Level: warning
Message: Layout not found
Context: 

2021-02-10 08:59:01
=====

=====
Level: warning
Message: Layout not found
Context: 

2021-02-10 08:59:27
=====

=====
Level: warning
Message: Layout not found
Context: 

2021-02-10 08:59:27
=====

=====
Level: warning
Message: Layout not found
Context: 

2021-02-10 08:59:31
=====

=====
Level: warning
Message: Layout not found
Context: 

2021-02-10 08:59:31
=====

=====
Level: warning
Message: Layout not found
Context: 

2021-02-10 08:59:35
=====

=====
Level: warning
Message: Layout not found
Context: 

2021-02-10 08:59:35
=====

=====
Level: warning
Message: Layout not found
Context: 

2021-02-10 08:59:38
=====

=====
Level: warning
Message: Layout not found
Context: 

2021-02-10 08:59:38
=====

=====
Level: warning
Message: Layout not found
Context: 

2021-02-10 08:59:51
=====

=====
Level: warning
Message: Layout not found
Context: 

2021-02-10 08:59:51
=====

=====
Level: warning
Message: Layout not found
Context: 

2021-02-10 09:00:26
=====

=====
Level: warning
Message: Layout not found
Context: 

2021-02-10 09:00:26
=====

=====
Level: warning
Message: Layout not found
Context: 

2021-02-10 09:00:33
=====

=====
Level: warning
Message: Layout not found
Context: 

2021-02-10 09:00:33
=====

=====
Level: warning
Message: Layout not found
Context: 

2021-02-10 09:00:36
=====

=====
Level: warning
Message: Layout not found
Context: 

2021-02-10 09:00:36
=====

=====
Level: warning
Message: Layout not found
Context: 

2021-02-10 09:00:38
=====

=====
Level: warning
Message: Layout not found
Context: 

2021-02-10 09:00:38
=====

=====
Level: warning
Message: Layout not found
Context: 

2021-02-10 09:00:40
=====

=====
Level: warning
Message: Layout not found
Context: 

2021-02-10 09:00:40
=====

=====
Level: warning
Message: Layout not found
Context: 

2021-02-10 09:01:26
=====

=====
Level: warning
Message: Layout not found
Context: 

2021-02-10 09:01:26
=====

=====
Level: warning
Message: Layout not found
Context: 

2021-02-10 09:02:11
=====

=====
Level: warning
Message: Layout not found
Context: 

2021-02-10 09:02:11
=====

=====
Level: warning
Message: Layout not found
Context: 

2021-02-10 09:02:18
=====

=====
Level: warning
Message: Layout not found
Context: 

2021-02-10 09:02:18
=====

=====
Level: warning
Message: Layout not found
Context: 

2021-02-10 09:03:33
=====

=====
Level: warning
Message: Layout not found
Context: 

2021-02-10 09:03:33
=====

=====
Level: warning
Message: Layout not found
Context: 

2021-02-10 09:04:55
=====

=====
Level: warning
Message: Layout not found
Context: 

2021-02-10 09:04:55
=====

=====
Level: warning
Message: Layout not found
Context: 

2021-02-10 09:05:14
=====

=====
Level: warning
Message: Layout not found
Context: 

2021-02-10 09:05:14
=====

=====
Level: warning
Message: Layout not found
Context: 

2021-02-10 09:06:34
=====

=====
Level: warning
Message: Layout not found
Context: 

2021-02-11 07:42:32
=====

=====
Level: warning
Message: Layout not found
Context: 

2021-02-11 07:56:57
=====

=====
Level: warning
Message: Layout not found
Context: 

2021-02-11 07:57:12
=====

=====
Level: warning
Message: Content not found
Context: 

2021-02-11 10:53:00
=====

=====
Level: warning
Message: Layout not found
Context: 

2021-02-11 02:30:10
=====

=====
Level: warning
Message: Layout not found
Context: 

2021-02-11 02:30:10
=====

=====
Level: warning
Message: 
Context: 

2021-02-15 01:56:09
=====

=====
Level: warning
Message: Layout not found
Context: 

2021-02-15 02:10:53
=====

=====
Level: warning
Message: Layout not found
Context: 

2021-02-15 02:17:41
=====

=====
Level: warning
Message: Layout not found
Context: 

2021-02-15 02:18:28
=====

=====
Level: warning
Message: Layout not found
Context: 

2021-02-15 02:18:38
=====

=====
Level: warning
Message: Layout not found
Context: 

2021-02-15 02:18:40
=====

=====
Level: warning
Message: Layout not found
Context: 

2021-02-15 02:18:49
=====

=====
Level: warning
Message: Layout not found
Context: 

2021-02-15 02:19:24
=====

=====
Level: warning
Message: Layout not found
Context: 

2021-02-15 02:19:48
=====

=====
Level: warning
Message: Layout not found
Context: 

2021-02-15 02:20:05
=====

=====
Level: warning
Message: Layout not found
Context: 

2021-02-15 02:20:32
=====

=====
Level: warning
Message: Layout not found
Context: 

2021-02-15 02:20:38
=====

=====
Level: warning
Message: Layout not found
Context: 

2021-02-15 02:20:43
=====

=====
Level: warning
Message: Layout not found
Context: 

2021-02-15 02:20:47
=====

=====
Level: warning
Message: Layout not found
Context: 

2021-02-15 02:21:17
=====

=====
Level: warning
Message: Layout not found
Context: 

2021-02-15 02:26:59
=====

=====
Level: warning
Message: Layout not found
Context: 

2021-02-15 02:26:59
=====

=====
Level: warning
Message: Layout not found
Context: 

2021-02-15 02:28:38
=====

=====
Level: warning
Message: Layout not found
Context: 

2021-02-15 02:28:38
=====

=====
Level: warning
Message: Layout not found
Context: 

2021-02-15 02:29:11
=====

=====
Level: warning
Message: Layout not found
Context: 

2021-02-15 02:29:11
=====

=====
Level: warning
Message: Layout not found
Context: 

2021-02-15 02:29:32
=====

=====
Level: warning
Message: Layout not found
Context: 

2021-02-15 02:29:32
=====

=====
Level: warning
Message: Layout not found
Context: 

2021-02-15 02:29:51
=====

=====
Level: warning
Message: Layout not found
Context: 

2021-02-15 03:32:41
=====

=====
Level: warning
Message: Layout not found
Context: 

2021-02-15 04:34:26
=====

=====
Level: warning
Message: Layout not found
Context: 

2021-02-15 04:34:41
=====

=====
Level: warning
Message: Layout not found
Context: 

2021-02-15 04:35:58
=====

=====
Level: warning
Message: Layout not found
Context: 

2021-02-15 04:36:13
=====

=====
Level: warning
Message: 
Context: 

2021-02-15 04:43:42
=====

=====
Level: warning
Message: 
Context: 

2021-02-15 04:43:58
=====

=====
Level: warning
Message: 
Context: 

2021-02-15 04:45:26
=====

=====
Level: warning
Message: 
Context: 

2021-02-15 04:48:04
=====

=====
Level: warning
Message: 
Context: 

2021-02-15 04:48:16
=====

=====
Level: warning
Message: 
Context: 

2021-02-15 04:51:34
=====

=====
Level: warning
Message: 
Context: 

2021-02-15 04:52:04
=====

=====
Level: warning
Message: 
Context: 

2021-02-15 04:56:24
=====

=====
Level: warning
Message: 
Context: 

2021-02-15 04:56:59
=====

=====
Level: warning
Message: 
Context: 

2021-02-15 04:57:13
=====

=====
Level: warning
Message: 
Context: 

2021-02-15 04:57:38
=====

=====
Level: warning
Message: 
Context: 

2021-02-15 04:58:12
=====

=====
Level: warning
Message: 
Context: 

2021-02-15 04:58:37
=====

=====
Level: warning
Message: 
Context: 

2021-02-15 05:01:40
=====

=====
Level: warning
Message: 
Context: 

2021-02-15 05:02:11
=====

=====
Level: warning
Message: 
Context: 

2021-02-15 05:02:32
=====

=====
Level: warning
Message: 
Context: 

2021-02-15 05:04:31
=====

=====
Level: warning
Message: 
Context: 

2021-02-15 05:06:29
=====

=====
Level: warning
Message: 
Context: 

2021-02-15 05:09:09
=====

=====
Level: warning
Message: DB is not connected
Context: 

2021-02-15 06:59:51
=====

=====
Level: warning
Message: 
Context: 

2021-02-15 07:04:43
=====

=====
Level: warning
Message: DB is not connected
Context: 

2021-02-15 07:14:12
=====

=====
Level: warning
Message: 
Context: 

2021-02-15 07:19:43
=====

=====
Level: warning
Message: 
Context: 

2021-02-15 07:46:27
=====

=====
Level: warning
Message: 
Context: 

2021-02-15 07:48:06
=====

=====
Level: warning
Message: 
Context: 

2021-02-15 07:49:00
=====

=====
Level: warning
Message: 
Context: 

2021-02-16 10:08:58
=====

=====
Level: warning
Message: 
Context: 

2021-02-16 10:09:08
=====

=====
Level: warning
Message: 
Context: 

2021-02-16 10:21:23
=====

=====
Level: warning
Message: 
Context: 

2021-02-16 10:30:17
=====

=====
Level: warning
Message: 
Context: 

2021-02-16 10:30:40
=====

=====
Level: warning
Message: 
Context: 

2021-02-16 10:31:45
=====

=====
Level: warning
Message: 
Context: 

2021-02-16 10:32:04
=====

=====
Level: warning
Message: 
Context: 

2021-02-16 11:10:23
=====

=====
Level: warning
Message: 
Context: 

2021-02-16 11:11:04
=====

=====
Level: warning
Message: 
Context: 

2021-02-16 12:14:50
=====

=====
Level: warning
Message: Layout not found
Context: 

2021-02-18 07:37:40
=====

=====
Level: warning
Message: Layout not found
Context: 

2021-02-18 07:38:12
=====

=====
Level: warning
Message: Layout not found
Context: 

2021-02-18 07:38:34
=====

=====
Level: warning
Message: Layout not found
Context: 

2021-02-18 07:39:18
=====

=====
Level: warning
Message: Layout not found
Context: 

2021-02-18 07:44:45
=====

=====
Level: warning
Message: Layout not found
Context: 

2021-02-18 07:44:45
=====

=====
Level: warning
Message: Layout not found
Context: 

2021-02-18 07:45:00
=====

=====
Level: warning
Message: Layout not found
Context: 

2021-02-18 07:45:31
=====

=====
Level: warning
Message: Content not found
Context: 

2021-02-18 08:15:54
=====

=====
Level: warning
Message: Layout not found
Context: 

2021-02-18 08:19:17
=====

=====
Level: warning
Message: Layout not found
Context: 

2021-02-18 08:28:37
=====

=====
Level: warning
Message: Layout not found
Context: 

2021-02-18 08:31:42
=====

=====
Level: warning
Message: Layout not found
Context: 

2021-02-18 08:31:42
=====

=====
Level: warning
Message: Layout not found
Context: 

2021-02-18 08:32:06
=====

=====
Level: warning
Message: Layout not found
Context: 

2021-02-18 08:32:06
=====

=====
Level: warning
Message: Layout not found
Context: 

2021-02-18 08:32:27
=====

=====
Level: warning
Message: Layout not found
Context: 

2021-02-18 08:32:27
=====

=====
Level: warning
Message: Layout not found
Context: 

2021-02-18 08:32:39
=====

=====
Level: warning
Message: Layout not found
Context: 

2021-02-18 08:32:39
=====

=====
Level: warning
Message: Layout not found
Context: 

2021-02-18 08:34:09
=====

=====
Level: warning
Message: Layout not found
Context: 

2021-02-18 08:34:09
=====

=====
Level: warning
Message: Layout not found
Context: 

2021-02-18 08:36:45
=====

=====
Level: warning
Message: Layout not found
Context: 

2021-02-18 08:36:46
=====

=====
Level: warning
Message: Layout not found
Context: 

2021-02-18 08:40:51
=====

=====
Level: warning
Message: Layout not found
Context: 

2021-02-18 09:29:11
=====

=====
Level: warning
Message: Layout not found
Context: 

2021-02-18 09:34:11
=====

=====
Level: warning
Message: Layout not found
Context: 

2021-02-18 09:34:15
=====

=====
Level: warning
Message: Product not found
Context: 

2021-02-18 09:35:14
=====

=====
Level: warning
Message: Layout not found
Context: 

2021-02-18 09:36:20
=====

=====
Level: warning
Message: Layout not found
Context: 

2021-02-18 09:37:08
=====

=====
Level: warning
Message: Layout not found
Context: 

2021-02-18 09:41:00
=====

=====
Level: warning
Message: 
Context: 

2021-02-18 09:42:47
=====

=====
Level: warning
Message: Product not found
Context: 

2021-02-18 09:50:12
=====

=====
Level: warning
Message: Product not found
Context: 

2021-02-18 09:50:40
=====

=====
Level: warning
Message: Product not found
Context: 

2021-02-18 09:51:51
=====

=====
Level: warning
Message: Product not found
Context: 

2021-02-18 09:52:14
=====

=====
Level: warning
Message: 
Context: 

2021-02-18 09:52:48
=====

=====
Level: warning
Message: Layout not found
Context: 

2021-02-18 09:54:12
=====

=====
Level: warning
Message: Layout not found
Context: 

2021-02-18 09:54:58
=====

=====
Level: warning
Message: Layout not found
Context: 

2021-02-18 09:55:05
=====

=====
Level: warning
Message: Content not found
Context: 

2021-02-19 05:54:58
=====

=====
Level: warning
Message: Content not found
Context: 

2021-02-19 05:55:12
=====

=====
Level: warning
Message: Content not found
Context: 

2021-02-19 05:55:50
=====

=====
Level: warning
Message: Content not found
Context: 

2021-02-19 05:56:07
=====

=====
Level: warning
Message: Content not found
Context: 

2021-02-19 05:56:18
=====

=====
Level: warning
Message: 
Context: 

2021-02-22 11:20:24
=====

=====
Level: warning
Message: 
Context: 

2021-02-22 11:21:22
=====

=====
Level: warning
Message: 
Context: 

2021-02-23 08:51:56
=====

=====
Level: warning
Message: 
Context: 

2021-02-23 08:52:43
=====

=====
Level: warning
Message: 
Context: 

2021-02-23 08:54:25
=====

=====
Level: warning
Message: 
Context: 

2021-02-23 08:55:01
=====

=====
Level: warning
Message: 
Context: 

2021-02-23 08:55:14
=====

=====
Level: warning
Message: 
Context: 

2021-02-23 09:08:58
=====

=====
Level: warning
Message: 
Context: 

2021-02-23 09:13:31
=====

=====
Level: warning
Message: 
Context: 

2021-02-23 11:27:28
=====

=====
Level: warning
Message: 
Context: 

2021-02-24 07:11:41
=====

=====
Level: warning
Message: 
Context: 

2021-02-24 07:23:58
=====

=====
Level: warning
Message: 
Context: 

2021-02-24 07:24:42
=====

=====
Level: warning
Message: 
Context: 

2021-02-24 08:13:05
=====

=====
Level: warning
Message: 
Context: 

2021-02-24 08:13:35
=====

=====
Level: warning
Message: 
Context: 

2021-02-24 08:13:57
=====

=====
Level: warning
Message: 
Context: 

2021-02-24 08:14:10
=====

=====
Level: warning
Message: 
Context: 

2021-02-25 08:28:20
=====

=====
Level: warning
Message: 
Context: 

2021-02-25 08:28:36
=====

=====
Level: warning
Message: 
Context: 

2021-03-03 08:23:46
=====

=====
Level: warning
Message: 
Context: 

2021-03-03 08:25:41
=====

=====
Level: warning
Message: 
Context: 

2021-03-04 06:48:18
=====

=====
Level: warning
Message: 
Context: 

2021-03-04 07:02:28
=====

=====
Level: warning
Message: 
Context: 

2021-03-04 07:05:34
=====

=====
Level: warning
Message: 
Context: 

2021-03-04 07:21:17
=====

=====
Level: warning
Message: 
Context: 

2021-03-04 10:37:02
=====

=====
Level: warning
Message: 
Context: 

2021-03-04 10:37:22
=====

=====
Level: warning
Message: 
Context: 

2021-03-04 10:37:45
=====

=====
Level: warning
Message: 
Context: 

2021-03-04 10:45:01
=====

=====
Level: warning
Message: 
Context: 

2021-03-04 10:45:20
=====

=====
Level: warning
Message: 
Context: 

2021-03-04 10:46:16
=====

=====
Level: warning
Message: 
Context: 

2021-03-04 10:50:50
=====

=====
Level: warning
Message: 
Context: 

2021-03-04 10:51:15
=====

=====
Level: warning
Message: Layout not found
Context: 

2021-03-05 02:00:22
=====

=====
Level: warning
Message: Layout not found
Context: 

2021-03-05 02:04:36
=====

=====
Level: warning
Message: 
Context: 

2021-03-05 03:40:47
=====

=====
Level: warning
Message: 
Context: 

2021-03-05 03:41:51
=====

=====
Level: warning
Message: 
Context: 

2021-03-05 04:38:40
=====

=====
Level: warning
Message: 
Context: 

2021-03-09 12:13:07
=====

=====
Level: warning
Message: 
Context: 

2021-03-09 12:14:14
=====

=====
Level: warning
Message: 
Context: 

2021-03-09 01:08:05
=====

=====
Level: warning
Message: 
Context: 

2021-03-09 01:08:28
=====

=====
Level: warning
Message: 
Context: 

2021-03-10 09:02:31
=====

